INFO: latexindent.exe version 3.5.2, 2018-10-06, a script to indent .tex files
      latexindent.exe lives here: C:/texlive/2018/bin/win32/
      Thu Nov  8 11:31:03 2018
      Filename: c:/msys64/home/cbarn/uva/latex/3630a3/__latexindent_temp.tex
INFO: Processing switches:
      -y|--yaml: YAML settings specified via command line
      -c|--cruft: cruft directory
INFO: Directory for backup files and c:/msys64/home/cbarn/uva/latex/3630a3/indent.log: c:/msys64/home/cbarn/uva/latex/3630a3/
INFO: YAML settings read: defaultSettings.yaml
      Reading defaultSettings.yaml from C:/texlive/2018/bin/win32/defaultSettings.yaml
      Reading defaultSettings.yaml (2nd attempt, TeXLive, Windows) from C:/texlive/2018/bin/win32/../../texmf-dist/scripts/latexindent/defaultSettings.yaml
INFO: YAML settings read: indentconfig.yaml or .indentconfig.yaml
      Home directory is C:\Users\cbarn (didn't find either indentconfig.yaml or .indentconfig.yaml)
      To specify user settings you would put indentconfig.yaml here: C:\Users\cbarn/indentconfig.yaml
      Alternatively, you can use the hidden file .indentconfig.yaml as: C:\Users\cbarn/.indentconfig.yaml
INFO: YAML settings read: -y switch
      Updating masterSettings with "defaultIndent: '\t'"
FATAL: I couldn't find c:/msys64/home/cbarn/uva/latex/3630a3/__latexindent_temp.tex, are you sure it exists?.
       No indentation done.
       Exiting.
